f:\docs\0uni\2o\tpv i\tpv_good_i_hope\sdlnet\fighters\tpv2\tpv2\x64\debug\vc142.pdb
f:\docs\0uni\2o\tpv i\tpv_good_i_hope\sdlnet\fighters\tpv2\tpv2\x64\debug\vc142.idb
f:\docs\0uni\2o\tpv i\tpv_good_i_hope\sdlnet\fighters\tpv2\tpv2\x64\debug\vector2d.obj
f:\docs\0uni\2o\tpv i\tpv_good_i_hope\sdlnet\fighters\tpv2\tpv2\x64\debug\collisions.obj
f:\docs\0uni\2o\tpv i\tpv_good_i_hope\sdlnet\fighters\tpv2\tpv2\x64\debug\rendersystem.obj
f:\docs\0uni\2o\tpv i\tpv_good_i_hope\sdlnet\fighters\tpv2\tpv2\x64\debug\networksystem.obj
f:\docs\0uni\2o\tpv i\tpv_good_i_hope\sdlnet\fighters\tpv2\tpv2\x64\debug\gamectrlsystem.obj
f:\docs\0uni\2o\tpv i\tpv_good_i_hope\sdlnet\fighters\tpv2\tpv2\x64\debug\fighterssystem.obj
f:\docs\0uni\2o\tpv i\tpv_good_i_hope\sdlnet\fighters\tpv2\tpv2\x64\debug\collisionssystem.obj
f:\docs\0uni\2o\tpv i\tpv_good_i_hope\sdlnet\fighters\tpv2\tpv2\x64\debug\bulletssystem.obj
f:\docs\0uni\2o\tpv i\tpv_good_i_hope\sdlnet\fighters\tpv2\tpv2\x64\debug\texture.obj
f:\docs\0uni\2o\tpv i\tpv_good_i_hope\sdlnet\fighters\tpv2\tpv2\x64\debug\soundeffect.obj
f:\docs\0uni\2o\tpv i\tpv_good_i_hope\sdlnet\fighters\tpv2\tpv2\x64\debug\sdlutils_demo.obj
f:\docs\0uni\2o\tpv i\tpv_good_i_hope\sdlnet\fighters\tpv2\tpv2\x64\debug\sdlutils.obj
f:\docs\0uni\2o\tpv i\tpv_good_i_hope\sdlnet\fighters\tpv2\tpv2\x64\debug\main.obj
f:\docs\0uni\2o\tpv i\tpv_good_i_hope\sdlnet\fighters\tpv2\tpv2\x64\debug\json_demo.obj
f:\docs\0uni\2o\tpv i\tpv_good_i_hope\sdlnet\fighters\tpv2\tpv2\x64\debug\jsonvalue.obj
f:\docs\0uni\2o\tpv i\tpv_good_i_hope\sdlnet\fighters\tpv2\tpv2\x64\debug\json.obj
f:\docs\0uni\2o\tpv i\tpv_good_i_hope\sdlnet\fighters\tpv2\tpv2\x64\debug\game.obj
f:\docs\0uni\2o\tpv i\tpv_good_i_hope\sdlnet\fighters\tpv2\tpv2\x64\debug\manager.obj
f:\docs\0uni\2o\tpv i\tpv_good_i_hope\sdlnet\fighters\tpv2\bin\tpv2debug.exe
f:\docs\0uni\2o\tpv i\tpv_good_i_hope\sdlnet\fighters\tpv2\tpv2\x64\debug\tpv2debug.ilk
f:\docs\0uni\2o\tpv i\tpv_good_i_hope\sdlnet\fighters\tpv2\bin\tpv2debug.pdb
f:\docs\0uni\2o\tpv i\tpv_good_i_hope\sdlnet\fighters\tpv2\bin\tpv2debug.lib
f:\docs\0uni\2o\tpv i\tpv_good_i_hope\sdlnet\fighters\tpv2\bin\tpv2debug.exp
f:\docs\0uni\2o\tpv i\tpv_good_i_hope\sdlnet\fighters\tpv2\tpv2\x64\debug\rendersystem.obj.enc
f:\docs\0uni\2o\tpv i\tpv_good_i_hope\sdlnet\fighters\tpv2\tpv2\x64\debug\tpv2.tlog\cl.command.1.tlog
f:\docs\0uni\2o\tpv i\tpv_good_i_hope\sdlnet\fighters\tpv2\tpv2\x64\debug\tpv2.tlog\cl.read.1.tlog
f:\docs\0uni\2o\tpv i\tpv_good_i_hope\sdlnet\fighters\tpv2\tpv2\x64\debug\tpv2.tlog\cl.write.1.tlog
f:\docs\0uni\2o\tpv i\tpv_good_i_hope\sdlnet\fighters\tpv2\tpv2\x64\debug\tpv2.tlog\link.14400.delete.1.tlog
f:\docs\0uni\2o\tpv i\tpv_good_i_hope\sdlnet\fighters\tpv2\tpv2\x64\debug\tpv2.tlog\link.21368.delete.1.tlog
f:\docs\0uni\2o\tpv i\tpv_good_i_hope\sdlnet\fighters\tpv2\tpv2\x64\debug\tpv2.tlog\link.5612.delete.1.tlog
f:\docs\0uni\2o\tpv i\tpv_good_i_hope\sdlnet\fighters\tpv2\tpv2\x64\debug\tpv2.tlog\link.7520.delete.1.tlog
f:\docs\0uni\2o\tpv i\tpv_good_i_hope\sdlnet\fighters\tpv2\tpv2\x64\debug\tpv2.tlog\link.command.1.tlog
f:\docs\0uni\2o\tpv i\tpv_good_i_hope\sdlnet\fighters\tpv2\tpv2\x64\debug\tpv2.tlog\link.read.1.tlog
f:\docs\0uni\2o\tpv i\tpv_good_i_hope\sdlnet\fighters\tpv2\tpv2\x64\debug\tpv2.tlog\link.write.1.tlog
f:\docs\0uni\2o\tpv i\tpv_good_i_hope\sdlnet\fighters\tpv2\tpv2\x64\debug\tpv2.tlog\tpv2.write.1u.tlog
