C:\Program Files (x86)\Microsoft Visual Studio\2019\Community\MSBuild\Microsoft\VC\v160\Microsoft.CppBuild.targets(499,5): warning MSB8004: El directorio Output no termina con una barra diagonal final. Esta instancia de compilación agregará la barra diagonal porque es necesaria para que se pueda evaluar correctamente el directorio Output.
  Game.cpp
  main.cpp
  BulletsSystem.cpp
C:\Users\Javier\Desktop\MasMierdas\UniTwT\tpv_good_i_hope\SDLNET\fighters\TPV2\TPV2\src\systems\BulletsSystem.cpp(78,29): warning C4244: 'argumento': conversión de 'double' a 'float'; posible pérdida de datos
C:\Users\Javier\Desktop\MasMierdas\UniTwT\tpv_good_i_hope\SDLNET\fighters\TPV2\TPV2\src\sdlutils\SDLUtils.h(50,32): warning C4101: 'e': variable local sin referencia
C:\Users\Javier\Desktop\MasMierdas\UniTwT\tpv_good_i_hope\SDLNET\fighters\TPV2\TPV2\src\sdlutils\SDLUtils.h(47): message : al compilar la función del miembro clase plantilla "Texture &SDLUtils::map_access_wrapper<Texture>::at(std::string)"
C:\Users\Javier\Desktop\MasMierdas\UniTwT\tpv_good_i_hope\SDLNET\fighters\TPV2\TPV2\src\sdlutils\SDLUtils.h(192): message : Vea la referencia a la creación de una instancia de clase plantilla "SDLUtils::map_access_wrapper<Texture>" que se está compilando
  FightersSystem.cpp
C:\Users\Javier\Desktop\MasMierdas\UniTwT\tpv_good_i_hope\SDLNET\fighters\TPV2\TPV2\src\sdlutils\SDLUtils.h(50,32): warning C4101: 'e': variable local sin referencia
C:\Users\Javier\Desktop\MasMierdas\UniTwT\tpv_good_i_hope\SDLNET\fighters\TPV2\TPV2\src\sdlutils\SDLUtils.h(47): message : al compilar la función del miembro clase plantilla "Texture &SDLUtils::map_access_wrapper<Texture>::at(std::string)"
C:\Users\Javier\Desktop\MasMierdas\UniTwT\tpv_good_i_hope\SDLNET\fighters\TPV2\TPV2\src\sdlutils\SDLUtils.h(192): message : Vea la referencia a la creación de una instancia de clase plantilla "SDLUtils::map_access_wrapper<Texture>" que se está compilando
C:\Users\Javier\Desktop\MasMierdas\UniTwT\tpv_good_i_hope\SDLNET\fighters\TPV2\TPV2\src\systems\FightersSystem.cpp(173,33): warning C4244: 'argumento': conversión de 'int' a 'float'; posible pérdida de datos
C:\Users\Javier\Desktop\MasMierdas\UniTwT\tpv_good_i_hope\SDLNET\fighters\TPV2\TPV2\src\systems\FightersSystem.cpp(179,34): warning C4244: 'argumento': conversión de 'int' a 'float'; posible pérdida de datos
  GameCtrlSystem.cpp
  NetworkSystem.cpp
C:\Users\Javier\Desktop\MasMierdas\UniTwT\tpv_good_i_hope\SDLNET\fighters\TPV2\TPV2\src\sdlutils\SDLNetUtils.h(478,16): warning C4244: '=': conversión de '__int64' a 'int'; posible pérdida de datos
C:\Users\Javier\Desktop\MasMierdas\UniTwT\tpv_good_i_hope\SDLNET\fighters\TPV2\TPV2\src\systems\NetworkSystem.cpp(107): message : Vea la referencia a la creación de una instancia de la función plantilla "int SDLNetUtils::serializedSend<net::Message>(T &,UDPpacket *,UDPsocket)" que se está compilando
          with
          [
              T=net::Message
          ]
  RenderSystem.cpp
C:\Users\Javier\Desktop\MasMierdas\UniTwT\tpv_good_i_hope\SDLNET\fighters\TPV2\TPV2\src\sdlutils\SDLUtils.h(50,32): warning C4101: 'e': variable local sin referencia
C:\Users\Javier\Desktop\MasMierdas\UniTwT\tpv_good_i_hope\SDLNET\fighters\TPV2\TPV2\src\sdlutils\SDLUtils.h(47): message : al compilar la función del miembro clase plantilla "Texture &SDLUtils::map_access_wrapper<Texture>::at(std::string)"
C:\Users\Javier\Desktop\MasMierdas\UniTwT\tpv_good_i_hope\SDLNET\fighters\TPV2\TPV2\src\sdlutils\SDLUtils.h(192): message : Vea la referencia a la creación de una instancia de clase plantilla "SDLUtils::map_access_wrapper<Texture>" que se está compilando
C:\Users\Javier\Desktop\MasMierdas\UniTwT\tpv_good_i_hope\SDLNET\fighters\TPV2\TPV2\src\systems\RenderSystem.cpp(135,19): warning C4244: 'argumento': conversión de 'int' a 'float'; posible pérdida de datos
C:\Users\Javier\Desktop\MasMierdas\UniTwT\tpv_good_i_hope\SDLNET\fighters\TPV2\TPV2\src\systems\RenderSystem.cpp(134,54): warning C4244: 'argumento': conversión de 'int' a 'float'; posible pérdida de datos
C:\Users\Javier\Desktop\MasMierdas\UniTwT\tpv_good_i_hope\SDLNET\fighters\TPV2\TPV2\src\systems\RenderSystem.cpp(134,13): warning C4244: 'argumento': conversión de 'double' a 'float'; posible pérdida de datos
C:\Users\Javier\Desktop\MasMierdas\UniTwT\tpv_good_i_hope\SDLNET\fighters\TPV2\TPV2\src\systems\RenderSystem.cpp(171,14): warning C4244: 'argumento': conversión de 'float' a 'int'; posible pérdida de datos
C:\Users\Javier\Desktop\MasMierdas\UniTwT\tpv_good_i_hope\SDLNET\fighters\TPV2\TPV2\src\systems\RenderSystem.cpp(170,71): warning C4244: 'argumento': conversión de 'float' a 'int'; posible pérdida de datos
C:\Users\Javier\Desktop\MasMierdas\UniTwT\tpv_good_i_hope\SDLNET\fighters\TPV2\TPV2\src\systems\RenderSystem.cpp(170,56): warning C4244: 'argumento': conversión de 'float' a 'int'; posible pérdida de datos
C:\Users\Javier\Desktop\MasMierdas\UniTwT\tpv_good_i_hope\SDLNET\fighters\TPV2\TPV2\src\systems\RenderSystem.cpp(170,41): warning C4244: 'argumento': conversión de 'float' a 'int'; posible pérdida de datos
C:\Users\Javier\Desktop\MasMierdas\UniTwT\tpv_good_i_hope\SDLNET\fighters\TPV2\TPV2\src\systems\RenderSystem.cpp(173,14): warning C4244: 'argumento': conversión de 'float' a 'int'; posible pérdida de datos
C:\Users\Javier\Desktop\MasMierdas\UniTwT\tpv_good_i_hope\SDLNET\fighters\TPV2\TPV2\src\systems\RenderSystem.cpp(172,71): warning C4244: 'argumento': conversión de 'float' a 'int'; posible pérdida de datos
C:\Users\Javier\Desktop\MasMierdas\UniTwT\tpv_good_i_hope\SDLNET\fighters\TPV2\TPV2\src\systems\RenderSystem.cpp(172,56): warning C4244: 'argumento': conversión de 'float' a 'int'; posible pérdida de datos
C:\Users\Javier\Desktop\MasMierdas\UniTwT\tpv_good_i_hope\SDLNET\fighters\TPV2\TPV2\src\systems\RenderSystem.cpp(172,41): warning C4244: 'argumento': conversión de 'float' a 'int'; posible pérdida de datos
C:\Users\Javier\Desktop\MasMierdas\UniTwT\tpv_good_i_hope\SDLNET\fighters\TPV2\TPV2\src\systems\RenderSystem.cpp(175,14): warning C4244: 'argumento': conversión de 'float' a 'int'; posible pérdida de datos
C:\Users\Javier\Desktop\MasMierdas\UniTwT\tpv_good_i_hope\SDLNET\fighters\TPV2\TPV2\src\systems\RenderSystem.cpp(174,71): warning C4244: 'argumento': conversión de 'float' a 'int'; posible pérdida de datos
C:\Users\Javier\Desktop\MasMierdas\UniTwT\tpv_good_i_hope\SDLNET\fighters\TPV2\TPV2\src\systems\RenderSystem.cpp(174,56): warning C4244: 'argumento': conversión de 'float' a 'int'; posible pérdida de datos
C:\Users\Javier\Desktop\MasMierdas\UniTwT\tpv_good_i_hope\SDLNET\fighters\TPV2\TPV2\src\systems\RenderSystem.cpp(174,41): warning C4244: 'argumento': conversión de 'float' a 'int'; posible pérdida de datos
C:\Users\Javier\Desktop\MasMierdas\UniTwT\tpv_good_i_hope\SDLNET\fighters\TPV2\TPV2\src\systems\RenderSystem.cpp(177,14): warning C4244: 'argumento': conversión de 'float' a 'int'; posible pérdida de datos
C:\Users\Javier\Desktop\MasMierdas\UniTwT\tpv_good_i_hope\SDLNET\fighters\TPV2\TPV2\src\systems\RenderSystem.cpp(176,71): warning C4244: 'argumento': conversión de 'float' a 'int'; posible pérdida de datos
C:\Users\Javier\Desktop\MasMierdas\UniTwT\tpv_good_i_hope\SDLNET\fighters\TPV2\TPV2\src\systems\RenderSystem.cpp(176,56): warning C4244: 'argumento': conversión de 'float' a 'int'; posible pérdida de datos
C:\Users\Javier\Desktop\MasMierdas\UniTwT\tpv_good_i_hope\SDLNET\fighters\TPV2\TPV2\src\systems\RenderSystem.cpp(176,41): warning C4244: 'argumento': conversión de 'float' a 'int'; posible pérdida de datos
C:\Users\Javier\Desktop\MasMierdas\UniTwT\tpv_good_i_hope\SDLNET\fighters\TPV2\TPV2\src\systems\RenderSystem.cpp(187,63): warning C4305: 'argumento': truncamiento de '__int64' a 'unsigned long'
C:\Users\Javier\Desktop\MasMierdas\UniTwT\tpv_good_i_hope\SDLNET\fighters\TPV2\TPV2\src\systems\RenderSystem.cpp(187,52): warning C4309: 'argumento': truncamiento de valor constante
  Generando código...
     Creando biblioteca C:\Users\Javier\Desktop\MasMierdas\UniTwT\tpv_good_i_hope\SDLNET\fighters\TPV2\bin\TPV2Debug.lib y objeto C:\Users\Javier\Desktop\MasMierdas\UniTwT\tpv_good_i_hope\SDLNET\fighters\TPV2\bin\TPV2Debug.exp
  TPV2.vcxproj -> C:\Users\Javier\Desktop\MasMierdas\UniTwT\tpv_good_i_hope\SDLNET\fighters\TPV2\bin\TPV2Debug.exe
