c:\users\enriq\documents\github\tpv_good_i_hope\tpv2\tpv2\x64\debug\vc142.pdb
c:\users\enriq\documents\github\tpv_good_i_hope\tpv2\tpv2\x64\debug\vc142.idb
c:\users\enriq\documents\github\tpv_good_i_hope\tpv2\tpv2\x64\debug\main.nativecodeanalysis.sarif
c:\users\enriq\documents\github\tpv_good_i_hope\tpv2\tpv2\x64\debug\main.nativecodeanalysis.xml
c:\users\enriq\documents\github\tpv_good_i_hope\tpv2\tpv2\x64\debug\jsonvalue.nativecodeanalysis.sarif
c:\users\enriq\documents\github\tpv_good_i_hope\tpv2\tpv2\x64\debug\jsonvalue.nativecodeanalysis.xml
c:\users\enriq\documents\github\tpv_good_i_hope\tpv2\tpv2\x64\debug\json.nativecodeanalysis.sarif
c:\users\enriq\documents\github\tpv_good_i_hope\tpv2\tpv2\x64\debug\json.nativecodeanalysis.xml
c:\users\enriq\documents\github\tpv_good_i_hope\tpv2\tpv2\x64\debug\game.nativecodeanalysis.sarif
c:\users\enriq\documents\github\tpv_good_i_hope\tpv2\tpv2\x64\debug\game.nativecodeanalysis.xml
c:\users\enriq\documents\github\tpv_good_i_hope\tpv2\tpv2\x64\debug\asteroidmanager.nativecodeanalysis.sarif
c:\users\enriq\documents\github\tpv_good_i_hope\tpv2\tpv2\x64\debug\asteroidmanager.nativecodeanalysis.xml
c:\users\enriq\documents\github\tpv_good_i_hope\tpv2\tpv2\x64\debug\manager.nativecodeanalysis.sarif
c:\users\enriq\documents\github\tpv_good_i_hope\tpv2\tpv2\x64\debug\manager.nativecodeanalysis.xml
c:\users\enriq\documents\github\tpv_good_i_hope\tpv2\tpv2\x64\debug\entity.nativecodeanalysis.sarif
c:\users\enriq\documents\github\tpv_good_i_hope\tpv2\tpv2\x64\debug\entity.nativecodeanalysis.xml
c:\users\enriq\documents\github\tpv_good_i_hope\tpv2\tpv2\x64\debug\state.nativecodeanalysis.sarif
c:\users\enriq\documents\github\tpv_good_i_hope\tpv2\tpv2\x64\debug\state.nativecodeanalysis.xml
c:\users\enriq\documents\github\tpv_good_i_hope\tpv2\tpv2\x64\debug\showatoppositeside.nativecodeanalysis.sarif
c:\users\enriq\documents\github\tpv_good_i_hope\tpv2\tpv2\x64\debug\showatoppositeside.nativecodeanalysis.xml
c:\users\enriq\documents\github\tpv_good_i_hope\tpv2\tpv2\x64\debug\fighterctrl.nativecodeanalysis.sarif
c:\users\enriq\documents\github\tpv_good_i_hope\tpv2\tpv2\x64\debug\fighterctrl.nativecodeanalysis.xml
c:\users\enriq\documents\github\tpv_good_i_hope\tpv2\tpv2\x64\debug\image.nativecodeanalysis.sarif
c:\users\enriq\documents\github\tpv_good_i_hope\tpv2\tpv2\x64\debug\image.nativecodeanalysis.xml
c:\users\enriq\documents\github\tpv_good_i_hope\tpv2\tpv2\x64\debug\hearts.nativecodeanalysis.sarif
c:\users\enriq\documents\github\tpv_good_i_hope\tpv2\tpv2\x64\debug\hearts.nativecodeanalysis.xml
c:\users\enriq\documents\github\tpv_good_i_hope\tpv2\tpv2\x64\debug\gun.nativecodeanalysis.sarif
c:\users\enriq\documents\github\tpv_good_i_hope\tpv2\tpv2\x64\debug\gun.nativecodeanalysis.xml
c:\users\enriq\documents\github\tpv_good_i_hope\tpv2\tpv2\x64\debug\generations.nativecodeanalysis.sarif
c:\users\enriq\documents\github\tpv_good_i_hope\tpv2\tpv2\x64\debug\generations.nativecodeanalysis.xml
c:\users\enriq\documents\github\tpv_good_i_hope\tpv2\tpv2\x64\debug\gamectrl.nativecodeanalysis.sarif
c:\users\enriq\documents\github\tpv_good_i_hope\tpv2\tpv2\x64\debug\gamectrl.nativecodeanalysis.xml
c:\users\enriq\documents\github\tpv_good_i_hope\tpv2\tpv2\x64\debug\framedimage.nativecodeanalysis.sarif
c:\users\enriq\documents\github\tpv_good_i_hope\tpv2\tpv2\x64\debug\framedimage.nativecodeanalysis.xml
c:\users\enriq\documents\github\tpv_good_i_hope\tpv2\tpv2\x64\debug\follow.nativecodeanalysis.sarif
c:\users\enriq\documents\github\tpv_good_i_hope\tpv2\tpv2\x64\debug\follow.nativecodeanalysis.xml
c:\users\enriq\documents\github\tpv_good_i_hope\tpv2\tpv2\x64\debug\disableonexit.nativecodeanalysis.sarif
c:\users\enriq\documents\github\tpv_good_i_hope\tpv2\tpv2\x64\debug\disableonexit.nativecodeanalysis.xml
c:\users\enriq\documents\github\tpv_good_i_hope\tpv2\tpv2\x64\debug\deacceleration.nativecodeanalysis.sarif
c:\users\enriq\documents\github\tpv_good_i_hope\tpv2\tpv2\x64\debug\deacceleration.nativecodeanalysis.xml
c:\users\enriq\documents\github\tpv_good_i_hope\tpv2\tpv2\x64\debug\asteroidmotion.nativecodeanalysis.sarif
c:\users\enriq\documents\github\tpv_good_i_hope\tpv2\tpv2\x64\debug\asteroidmotion.nativecodeanalysis.xml
c:\users\enriq\documents\github\tpv_good_i_hope\tpv2\tpv2\x64\debug\asteroidmotion.obj
c:\users\enriq\documents\github\tpv_good_i_hope\tpv2\tpv2\x64\debug\deacceleration.obj
c:\users\enriq\documents\github\tpv_good_i_hope\tpv2\tpv2\x64\debug\disableonexit.obj
c:\users\enriq\documents\github\tpv_good_i_hope\tpv2\tpv2\x64\debug\follow.obj
c:\users\enriq\documents\github\tpv_good_i_hope\tpv2\tpv2\x64\debug\framedimage.obj
c:\users\enriq\documents\github\tpv_good_i_hope\tpv2\tpv2\x64\debug\gamectrl.obj
c:\users\enriq\documents\github\tpv_good_i_hope\tpv2\tpv2\x64\debug\generations.obj
c:\users\enriq\documents\github\tpv_good_i_hope\tpv2\tpv2\x64\debug\gun.obj
c:\users\enriq\documents\github\tpv_good_i_hope\tpv2\tpv2\x64\debug\hearts.obj
c:\users\enriq\documents\github\tpv_good_i_hope\tpv2\tpv2\x64\debug\image.obj
c:\users\enriq\documents\github\tpv_good_i_hope\tpv2\tpv2\x64\debug\fighterctrl.obj
c:\users\enriq\documents\github\tpv_good_i_hope\tpv2\tpv2\x64\debug\showatoppositeside.obj
c:\users\enriq\documents\github\tpv_good_i_hope\tpv2\tpv2\x64\debug\state.obj
c:\users\enriq\documents\github\tpv_good_i_hope\tpv2\tpv2\x64\debug\entity.obj
c:\users\enriq\documents\github\tpv_good_i_hope\tpv2\tpv2\x64\debug\manager.obj
c:\users\enriq\documents\github\tpv_good_i_hope\tpv2\tpv2\x64\debug\asteroidmanager.obj
c:\users\enriq\documents\github\tpv_good_i_hope\tpv2\tpv2\x64\debug\game.obj
c:\users\enriq\documents\github\tpv_good_i_hope\tpv2\tpv2\x64\debug\json.obj
c:\users\enriq\documents\github\tpv_good_i_hope\tpv2\tpv2\x64\debug\jsonvalue.obj
c:\users\enriq\documents\github\tpv_good_i_hope\tpv2\tpv2\x64\debug\main.obj
c:\users\enriq\documents\github\tpv_good_i_hope\tpv2\tpv2\x64\debug\vector2d.nativecodeanalysis.sarif
c:\users\enriq\documents\github\tpv_good_i_hope\tpv2\tpv2\x64\debug\vector2d.nativecodeanalysis.xml
c:\users\enriq\documents\github\tpv_good_i_hope\tpv2\tpv2\x64\debug\collisions.nativecodeanalysis.sarif
c:\users\enriq\documents\github\tpv_good_i_hope\tpv2\tpv2\x64\debug\collisions.nativecodeanalysis.xml
c:\users\enriq\documents\github\tpv_good_i_hope\tpv2\tpv2\x64\debug\texture.nativecodeanalysis.sarif
c:\users\enriq\documents\github\tpv_good_i_hope\tpv2\tpv2\x64\debug\texture.nativecodeanalysis.xml
c:\users\enriq\documents\github\tpv_good_i_hope\tpv2\tpv2\x64\debug\soundeffect.nativecodeanalysis.sarif
c:\users\enriq\documents\github\tpv_good_i_hope\tpv2\tpv2\x64\debug\soundeffect.nativecodeanalysis.xml
c:\users\enriq\documents\github\tpv_good_i_hope\tpv2\tpv2\x64\debug\sdlutils.nativecodeanalysis.sarif
c:\users\enriq\documents\github\tpv_good_i_hope\tpv2\tpv2\x64\debug\sdlutils.nativecodeanalysis.xml
c:\users\enriq\documents\github\tpv_good_i_hope\tpv2\tpv2\x64\debug\sdlutils.obj
c:\users\enriq\documents\github\tpv_good_i_hope\tpv2\tpv2\x64\debug\soundeffect.obj
c:\users\enriq\documents\github\tpv_good_i_hope\tpv2\tpv2\x64\debug\texture.obj
c:\users\enriq\documents\github\tpv_good_i_hope\tpv2\tpv2\x64\debug\collisions.obj
c:\users\enriq\documents\github\tpv_good_i_hope\tpv2\tpv2\x64\debug\vector2d.obj
c:\users\enriq\documents\github\tpv_good_i_hope\tpv2\tpv2\x64\debug\tpv2debug.ilk
c:\users\enriq\documents\github\tpv_good_i_hope\tpv2\bin\tpv2debug.exe
c:\users\enriq\documents\github\tpv_good_i_hope\tpv2\bin\tpv2debug.pdb
c:\users\enriq\documents\github\tpv_good_i_hope\tpv2\tpv2\x64\debug\vc.nativecodeanalysis.all.xml
c:\users\enriq\documents\github\tpv_good_i_hope\tpv2\tpv2\x64\debug\tpv2.tlog\cl.command.1.tlog
c:\users\enriq\documents\github\tpv_good_i_hope\tpv2\tpv2\x64\debug\tpv2.tlog\cl.read.1.tlog
c:\users\enriq\documents\github\tpv_good_i_hope\tpv2\tpv2\x64\debug\tpv2.tlog\cl.write.1.tlog
c:\users\enriq\documents\github\tpv_good_i_hope\tpv2\tpv2\x64\debug\tpv2.tlog\link.command.1.tlog
c:\users\enriq\documents\github\tpv_good_i_hope\tpv2\tpv2\x64\debug\tpv2.tlog\link.read.1.tlog
c:\users\enriq\documents\github\tpv_good_i_hope\tpv2\tpv2\x64\debug\tpv2.tlog\link.write.1.tlog
