f:\docs\0uni\2o\tpv i\tpv_good_i_hope\proyectosig_x64_vs2019_fg\ig1app\x64\debug\vc142.pdb
f:\docs\0uni\2o\tpv i\tpv_good_i_hope\proyectosig_x64_vs2019_fg\ig1app\x64\debug\vc142.idb
f:\docs\0uni\2o\tpv i\tpv_good_i_hope\proyectosig_x64_vs2019_fg\ig1app\x64\debug\viewport.nativecodeanalysis.sarif
f:\docs\0uni\2o\tpv i\tpv_good_i_hope\proyectosig_x64_vs2019_fg\ig1app\x64\debug\viewport.nativecodeanalysis.xml
f:\docs\0uni\2o\tpv i\tpv_good_i_hope\proyectosig_x64_vs2019_fg\ig1app\x64\debug\texture.nativecodeanalysis.sarif
f:\docs\0uni\2o\tpv i\tpv_good_i_hope\proyectosig_x64_vs2019_fg\ig1app\x64\debug\texture.nativecodeanalysis.xml
f:\docs\0uni\2o\tpv i\tpv_good_i_hope\proyectosig_x64_vs2019_fg\ig1app\x64\debug\scene.nativecodeanalysis.sarif
f:\docs\0uni\2o\tpv i\tpv_good_i_hope\proyectosig_x64_vs2019_fg\ig1app\x64\debug\scene.nativecodeanalysis.xml
f:\docs\0uni\2o\tpv i\tpv_good_i_hope\proyectosig_x64_vs2019_fg\ig1app\x64\debug\pixmap32rgba.nativecodeanalysis.sarif
f:\docs\0uni\2o\tpv i\tpv_good_i_hope\proyectosig_x64_vs2019_fg\ig1app\x64\debug\pixmap32rgba.nativecodeanalysis.xml
f:\docs\0uni\2o\tpv i\tpv_good_i_hope\proyectosig_x64_vs2019_fg\ig1app\x64\debug\mesh.nativecodeanalysis.sarif
f:\docs\0uni\2o\tpv i\tpv_good_i_hope\proyectosig_x64_vs2019_fg\ig1app\x64\debug\mesh.nativecodeanalysis.xml
f:\docs\0uni\2o\tpv i\tpv_good_i_hope\proyectosig_x64_vs2019_fg\ig1app\x64\debug\main.nativecodeanalysis.sarif
f:\docs\0uni\2o\tpv i\tpv_good_i_hope\proyectosig_x64_vs2019_fg\ig1app\x64\debug\main.nativecodeanalysis.xml
f:\docs\0uni\2o\tpv i\tpv_good_i_hope\proyectosig_x64_vs2019_fg\ig1app\x64\debug\ig1app.nativecodeanalysis.sarif
f:\docs\0uni\2o\tpv i\tpv_good_i_hope\proyectosig_x64_vs2019_fg\ig1app\x64\debug\ig1app.nativecodeanalysis.xml
f:\docs\0uni\2o\tpv i\tpv_good_i_hope\proyectosig_x64_vs2019_fg\ig1app\x64\debug\entity.nativecodeanalysis.sarif
f:\docs\0uni\2o\tpv i\tpv_good_i_hope\proyectosig_x64_vs2019_fg\ig1app\x64\debug\entity.nativecodeanalysis.xml
f:\docs\0uni\2o\tpv i\tpv_good_i_hope\proyectosig_x64_vs2019_fg\ig1app\x64\debug\camera.nativecodeanalysis.sarif
f:\docs\0uni\2o\tpv i\tpv_good_i_hope\proyectosig_x64_vs2019_fg\ig1app\x64\debug\camera.nativecodeanalysis.xml
f:\docs\0uni\2o\tpv i\tpv_good_i_hope\proyectosig_x64_vs2019_fg\ig1app\x64\debug\camera.obj
f:\docs\0uni\2o\tpv i\tpv_good_i_hope\proyectosig_x64_vs2019_fg\ig1app\x64\debug\entity.obj
f:\docs\0uni\2o\tpv i\tpv_good_i_hope\proyectosig_x64_vs2019_fg\ig1app\x64\debug\ig1app.obj
f:\docs\0uni\2o\tpv i\tpv_good_i_hope\proyectosig_x64_vs2019_fg\ig1app\x64\debug\main.obj
f:\docs\0uni\2o\tpv i\tpv_good_i_hope\proyectosig_x64_vs2019_fg\ig1app\x64\debug\mesh.obj
f:\docs\0uni\2o\tpv i\tpv_good_i_hope\proyectosig_x64_vs2019_fg\ig1app\x64\debug\pixmap32rgba.obj
f:\docs\0uni\2o\tpv i\tpv_good_i_hope\proyectosig_x64_vs2019_fg\ig1app\x64\debug\scene.obj
f:\docs\0uni\2o\tpv i\tpv_good_i_hope\proyectosig_x64_vs2019_fg\ig1app\x64\debug\texture.obj
f:\docs\0uni\2o\tpv i\tpv_good_i_hope\proyectosig_x64_vs2019_fg\ig1app\x64\debug\viewport.obj
f:\docs\0uni\2o\tpv i\tpv_good_i_hope\proyectosig_x64_vs2019_fg\ig1app\x64\debug\ig1appdebug.ilk
f:\docs\0uni\2o\tpv i\tpv_good_i_hope\proyectosig_x64_vs2019_fg\bin\ig1appdebug.exe
f:\docs\0uni\2o\tpv i\tpv_good_i_hope\proyectosig_x64_vs2019_fg\bin\ig1appdebug.pdb
f:\docs\0uni\2o\tpv i\tpv_good_i_hope\proyectosig_x64_vs2019_fg\ig1app\x64\debug\vc.nativecodeanalysis.all.xml
f:\docs\0uni\2o\tpv i\tpv_good_i_hope\proyectosig_x64_vs2019_fg\ig1app\x64\debug\ig1app.tlog\cl.command.1.tlog
f:\docs\0uni\2o\tpv i\tpv_good_i_hope\proyectosig_x64_vs2019_fg\ig1app\x64\debug\ig1app.tlog\cl.read.1.tlog
f:\docs\0uni\2o\tpv i\tpv_good_i_hope\proyectosig_x64_vs2019_fg\ig1app\x64\debug\ig1app.tlog\cl.write.1.tlog
f:\docs\0uni\2o\tpv i\tpv_good_i_hope\proyectosig_x64_vs2019_fg\ig1app\x64\debug\ig1app.tlog\link.command.1.tlog
f:\docs\0uni\2o\tpv i\tpv_good_i_hope\proyectosig_x64_vs2019_fg\ig1app\x64\debug\ig1app.tlog\link.read.1.tlog
f:\docs\0uni\2o\tpv i\tpv_good_i_hope\proyectosig_x64_vs2019_fg\ig1app\x64\debug\ig1app.tlog\link.write.1.tlog
