  Camera.cpp
  Entity.cpp
F:\Docs\0Uni\2o\TPV I\tpv_good_i_hope\ProyectosIG_x64_VS2019_FG\IG1App\Entity.cpp(643,50): warning C4244: 'argument': conversion from 'float' to 'GLuint', possible loss of data
  IG1App.cpp
  Light.cpp
  main.cpp
  Material.cpp
F:\Docs\0Uni\2o\TPV I\tpv_good_i_hope\ProyectosIG_x64_VS2019_FG\IG1App\Material.cpp(18,13): warning C4305: '=': truncation from 'double' to 'GLfloat'
F:\Docs\0Uni\2o\TPV I\tpv_good_i_hope\ProyectosIG_x64_VS2019_FG\IG1App\Material.cpp(26,18): warning C4305: '=': truncation from 'double' to 'GLfloat'
F:\Docs\0Uni\2o\TPV I\tpv_good_i_hope\ProyectosIG_x64_VS2019_FG\IG1App\Material.cpp(34,18): warning C4305: '=': truncation from 'double' to 'GLfloat'
  Mesh.cpp
F:\Docs\0Uni\2o\TPV I\tpv_good_i_hope\ProyectosIG_x64_VS2019_FG\IG1App\Mesh.cpp(94,23): warning C4018: '<': signed/unsigned mismatch
F:\Docs\0Uni\2o\TPV I\tpv_good_i_hope\ProyectosIG_x64_VS2019_FG\IG1App\Mesh.cpp(301,22): warning C4018: '<': signed/unsigned mismatch
F:\Docs\0Uni\2o\TPV I\tpv_good_i_hope\ProyectosIG_x64_VS2019_FG\IG1App\Mesh.cpp(389,23): warning C4018: '<': signed/unsigned mismatch
F:\Docs\0Uni\2o\TPV I\tpv_good_i_hope\ProyectosIG_x64_VS2019_FG\IG1App\Mesh.cpp(632,23): warning C4018: '<': signed/unsigned mismatch
F:\Docs\0Uni\2o\TPV I\tpv_good_i_hope\ProyectosIG_x64_VS2019_FG\IG1App\Mesh.cpp(638,23): warning C4018: '<': signed/unsigned mismatch
  Pixmap32RGBA.cpp
  Scene.cpp
F:\Docs\0Uni\2o\TPV I\tpv_good_i_hope\ProyectosIG_x64_VS2019_FG\IG1App\Scene.cpp(132,33): warning C4305: 'argument': truncation from 'double' to 'GLclampf'
F:\Docs\0Uni\2o\TPV I\tpv_good_i_hope\ProyectosIG_x64_VS2019_FG\IG1App\Scene.cpp(190,3): warning C4267: 'initializing': conversion from 'size_t' to 'int', possible loss of data
F:\Docs\0Uni\2o\TPV I\tpv_good_i_hope\ProyectosIG_x64_VS2019_FG\IG1App\Scene.cpp(192,3): warning C4267: 'initializing': conversion from 'size_t' to 'int', possible loss of data
  Texture.cpp
  Viewport.cpp
  Generating Code...
  IG1App.vcxproj -> F:\Docs\0Uni\2o\TPV I\tpv_good_i_hope\ProyectosIG_x64_VS2019_FG\bin\IG1AppDebug.exe
