c:\users\javier\desktop\masmierdas\unitwt\tpv_good_i_hope\tpv_prac_2\tpv2\tpv2\x64\debug\vc142.pdb
c:\users\javier\desktop\masmierdas\unitwt\tpv_good_i_hope\tpv_prac_2\tpv2\tpv2\x64\debug\vc142.idb
c:\users\javier\desktop\masmierdas\unitwt\tpv_good_i_hope\tpv_prac_2\tpv2\tpv2\x64\debug\vector2d.obj
c:\users\javier\desktop\masmierdas\unitwt\tpv_good_i_hope\tpv_prac_2\tpv2\tpv2\x64\debug\collisions.obj
c:\users\javier\desktop\masmierdas\unitwt\tpv_good_i_hope\tpv_prac_2\tpv2\tpv2\x64\debug\texture.obj
c:\users\javier\desktop\masmierdas\unitwt\tpv_good_i_hope\tpv_prac_2\tpv2\tpv2\x64\debug\soundeffect.obj
c:\users\javier\desktop\masmierdas\unitwt\tpv_good_i_hope\tpv_prac_2\tpv2\tpv2\x64\debug\sdlutils_demo.obj
c:\users\javier\desktop\masmierdas\unitwt\tpv_good_i_hope\tpv_prac_2\tpv2\tpv2\x64\debug\sdlutils.obj
c:\users\javier\desktop\masmierdas\unitwt\tpv_good_i_hope\tpv_prac_2\tpv2\tpv2\x64\debug\main.obj
c:\users\javier\desktop\masmierdas\unitwt\tpv_good_i_hope\tpv_prac_2\tpv2\tpv2\x64\debug\json_demo.obj
c:\users\javier\desktop\masmierdas\unitwt\tpv_good_i_hope\tpv_prac_2\tpv2\tpv2\x64\debug\jsonvalue.obj
c:\users\javier\desktop\masmierdas\unitwt\tpv_good_i_hope\tpv_prac_2\tpv2\tpv2\x64\debug\json.obj
c:\users\javier\desktop\masmierdas\unitwt\tpv_good_i_hope\tpv_prac_2\tpv2\tpv2\x64\debug\manager.obj
c:\users\javier\desktop\masmierdas\unitwt\tpv_good_i_hope\tpv_prac_2\tpv2\tpv2\x64\debug\gamectrlsystem.obj
c:\users\javier\desktop\masmierdas\unitwt\tpv_good_i_hope\tpv_prac_2\tpv2\tpv2\x64\debug\image.obj
c:\users\javier\desktop\masmierdas\unitwt\tpv_good_i_hope\tpv_prac_2\tpv2\tpv2\x64\debug\framedimage.obj
c:\users\javier\desktop\masmierdas\unitwt\tpv_good_i_hope\tpv_prac_2\tpv2\tpv2\x64\debug\collisionssystem.obj
c:\users\javier\desktop\masmierdas\unitwt\tpv_good_i_hope\tpv_prac_2\tpv2\tpv2\x64\debug\bulletssystem.obj
c:\users\javier\desktop\masmierdas\unitwt\tpv_good_i_hope\tpv_prac_2\tpv2\tpv2\x64\debug\asteroidssystem.obj
c:\users\javier\desktop\masmierdas\unitwt\tpv_good_i_hope\tpv_prac_2\tpv2\tpv2\x64\debug\fightersystem.obj
c:\users\javier\desktop\masmierdas\unitwt\tpv_good_i_hope\tpv_prac_2\tpv2\tpv2\x64\debug\rendersystem.obj
c:\users\javier\desktop\masmierdas\unitwt\tpv_good_i_hope\tpv_prac_2\tpv2\tpv2\x64\debug\asteroidtypegen.obj
c:\users\javier\desktop\masmierdas\unitwt\tpv_good_i_hope\tpv_prac_2\tpv2\tpv2\x64\debug\game.obj
c:\users\javier\desktop\masmierdas\unitwt\tpv_good_i_hope\tpv_prac_2\tpv2\bin\tpv2debug.exe
c:\users\javier\desktop\masmierdas\unitwt\tpv_good_i_hope\tpv_prac_2\tpv2\tpv2\x64\debug\tpv2debug.ilk
c:\users\javier\desktop\masmierdas\unitwt\tpv_good_i_hope\tpv_prac_2\tpv2\bin\tpv2debug.pdb
c:\users\javier\desktop\masmierdas\unitwt\tpv_good_i_hope\tpv_prac_2\tpv2\tpv2\x64\debug\tpv2.tlog\cl.command.1.tlog
c:\users\javier\desktop\masmierdas\unitwt\tpv_good_i_hope\tpv_prac_2\tpv2\tpv2\x64\debug\tpv2.tlog\cl.read.1.tlog
c:\users\javier\desktop\masmierdas\unitwt\tpv_good_i_hope\tpv_prac_2\tpv2\tpv2\x64\debug\tpv2.tlog\cl.write.1.tlog
c:\users\javier\desktop\masmierdas\unitwt\tpv_good_i_hope\tpv_prac_2\tpv2\tpv2\x64\debug\tpv2.tlog\link.command.1.tlog
c:\users\javier\desktop\masmierdas\unitwt\tpv_good_i_hope\tpv_prac_2\tpv2\tpv2\x64\debug\tpv2.tlog\link.read.1.tlog
c:\users\javier\desktop\masmierdas\unitwt\tpv_good_i_hope\tpv_prac_2\tpv2\tpv2\x64\debug\tpv2.tlog\link.write.1.tlog
