C:\Program Files\Microsoft Visual Studio\2022\Community\MSBuild\Microsoft\VC\v160\Microsoft.CppBuild.targets(499,5): warning MSB8004: Output Directory does not end with a trailing slash.  This build instance will add the slash as it is required to allow proper evaluation of the Output Directory.
  Manager.cpp
  Game.cpp
  JSON.cpp
  JSONValue.cpp
  json_demo.cpp
  main.cpp
  SDLUtils.cpp
  sdlutils_demo.cpp
F:\Docs\0Uni\2o\TPV I\tpv_good_i_hope\SDLNET\fighters\TPV2\TPV2\src\sdlutils\SDLUtils.h(50,32): warning C4101: 'e': unreferenced local variable
F:\Docs\0Uni\2o\TPV I\tpv_good_i_hope\SDLNET\fighters\TPV2\TPV2\src\sdlutils\SDLUtils.h(47): message : while compiling class template member function 'Texture &SDLUtils::map_access_wrapper<Texture>::at(std::string)'
F:\Docs\0Uni\2o\TPV I\tpv_good_i_hope\SDLNET\fighters\TPV2\TPV2\src\sdlutils\SDLUtils.h(192): message : see reference to class template instantiation 'SDLUtils::map_access_wrapper<Texture>' being compiled
  SoundEffect.cpp
  Texture.cpp
  BulletsSystem.cpp
F:\Docs\0Uni\2o\TPV I\tpv_good_i_hope\SDLNET\fighters\TPV2\TPV2\src\systems\BulletsSystem.cpp(81,29): warning C4244: 'argument': conversion from 'double' to 'float', possible loss of data
F:\Docs\0Uni\2o\TPV I\tpv_good_i_hope\SDLNET\fighters\TPV2\TPV2\src\sdlutils\SDLUtils.h(50,32): warning C4101: 'e': unreferenced local variable
F:\Docs\0Uni\2o\TPV I\tpv_good_i_hope\SDLNET\fighters\TPV2\TPV2\src\sdlutils\SDLUtils.h(47): message : while compiling class template member function 'Texture &SDLUtils::map_access_wrapper<Texture>::at(std::string)'
F:\Docs\0Uni\2o\TPV I\tpv_good_i_hope\SDLNET\fighters\TPV2\TPV2\src\sdlutils\SDLUtils.h(192): message : see reference to class template instantiation 'SDLUtils::map_access_wrapper<Texture>' being compiled
  CollisionsSystem.cpp
  FightersSystem.cpp
F:\Docs\0Uni\2o\TPV I\tpv_good_i_hope\SDLNET\fighters\TPV2\TPV2\src\sdlutils\SDLUtils.h(50,32): warning C4101: 'e': unreferenced local variable
F:\Docs\0Uni\2o\TPV I\tpv_good_i_hope\SDLNET\fighters\TPV2\TPV2\src\sdlutils\SDLUtils.h(47): message : while compiling class template member function 'Texture &SDLUtils::map_access_wrapper<Texture>::at(std::string)'
F:\Docs\0Uni\2o\TPV I\tpv_good_i_hope\SDLNET\fighters\TPV2\TPV2\src\sdlutils\SDLUtils.h(192): message : see reference to class template instantiation 'SDLUtils::map_access_wrapper<Texture>' being compiled
F:\Docs\0Uni\2o\TPV I\tpv_good_i_hope\SDLNET\fighters\TPV2\TPV2\src\systems\FightersSystem.cpp(159,34): warning C4244: 'argument': conversion from 'int' to 'float', possible loss of data
F:\Docs\0Uni\2o\TPV I\tpv_good_i_hope\SDLNET\fighters\TPV2\TPV2\src\systems\FightersSystem.cpp(165,35): warning C4244: 'argument': conversion from 'int' to 'float', possible loss of data
  GameCtrlSystem.cpp
  NetworkSystem.cpp
F:\Docs\0Uni\2o\TPV I\tpv_good_i_hope\SDLNET\fighters\TPV2\TPV2\src\sdlutils\SDLNetUtils.h(467,16): warning C4244: '=': conversion from '__int64' to 'int', possible loss of data
F:\Docs\0Uni\2o\TPV I\tpv_good_i_hope\SDLNET\fighters\TPV2\TPV2\src\systems\NetworkSystem.cpp(102): message : see reference to function template instantiation 'int SDLNetUtils::serializedSend<net::Message>(T &,UDPpacket *,UDPsocket)' being compiled
          with
          [
              T=net::Message
          ]
  RenderSystem.cpp
F:\Docs\0Uni\2o\TPV I\tpv_good_i_hope\SDLNET\fighters\TPV2\TPV2\src\sdlutils\SDLUtils.h(50,32): warning C4101: 'e': unreferenced local variable
F:\Docs\0Uni\2o\TPV I\tpv_good_i_hope\SDLNET\fighters\TPV2\TPV2\src\sdlutils\SDLUtils.h(47): message : while compiling class template member function 'Texture &SDLUtils::map_access_wrapper<Texture>::at(std::string)'
F:\Docs\0Uni\2o\TPV I\tpv_good_i_hope\SDLNET\fighters\TPV2\TPV2\src\sdlutils\SDLUtils.h(192): message : see reference to class template instantiation 'SDLUtils::map_access_wrapper<Texture>' being compiled
F:\Docs\0Uni\2o\TPV I\tpv_good_i_hope\SDLNET\fighters\TPV2\TPV2\src\systems\RenderSystem.cpp(122,19): warning C4244: 'argument': conversion from 'int' to 'float', possible loss of data
F:\Docs\0Uni\2o\TPV I\tpv_good_i_hope\SDLNET\fighters\TPV2\TPV2\src\systems\RenderSystem.cpp(121,54): warning C4244: 'argument': conversion from 'int' to 'float', possible loss of data
F:\Docs\0Uni\2o\TPV I\tpv_good_i_hope\SDLNET\fighters\TPV2\TPV2\src\systems\RenderSystem.cpp(121,13): warning C4244: 'argument': conversion from 'double' to 'float', possible loss of data
F:\Docs\0Uni\2o\TPV I\tpv_good_i_hope\SDLNET\fighters\TPV2\TPV2\src\systems\RenderSystem.cpp(158,14): warning C4244: 'argument': conversion from 'float' to 'int', possible loss of data
F:\Docs\0Uni\2o\TPV I\tpv_good_i_hope\SDLNET\fighters\TPV2\TPV2\src\systems\RenderSystem.cpp(157,71): warning C4244: 'argument': conversion from 'float' to 'int', possible loss of data
F:\Docs\0Uni\2o\TPV I\tpv_good_i_hope\SDLNET\fighters\TPV2\TPV2\src\systems\RenderSystem.cpp(157,56): warning C4244: 'argument': conversion from 'float' to 'int', possible loss of data
F:\Docs\0Uni\2o\TPV I\tpv_good_i_hope\SDLNET\fighters\TPV2\TPV2\src\systems\RenderSystem.cpp(157,41): warning C4244: 'argument': conversion from 'float' to 'int', possible loss of data
F:\Docs\0Uni\2o\TPV I\tpv_good_i_hope\SDLNET\fighters\TPV2\TPV2\src\systems\RenderSystem.cpp(160,14): warning C4244: 'argument': conversion from 'float' to 'int', possible loss of data
F:\Docs\0Uni\2o\TPV I\tpv_good_i_hope\SDLNET\fighters\TPV2\TPV2\src\systems\RenderSystem.cpp(159,71): warning C4244: 'argument': conversion from 'float' to 'int', possible loss of data
F:\Docs\0Uni\2o\TPV I\tpv_good_i_hope\SDLNET\fighters\TPV2\TPV2\src\systems\RenderSystem.cpp(159,56): warning C4244: 'argument': conversion from 'float' to 'int', possible loss of data
F:\Docs\0Uni\2o\TPV I\tpv_good_i_hope\SDLNET\fighters\TPV2\TPV2\src\systems\RenderSystem.cpp(159,41): warning C4244: 'argument': conversion from 'float' to 'int', possible loss of data
F:\Docs\0Uni\2o\TPV I\tpv_good_i_hope\SDLNET\fighters\TPV2\TPV2\src\systems\RenderSystem.cpp(162,14): warning C4244: 'argument': conversion from 'float' to 'int', possible loss of data
F:\Docs\0Uni\2o\TPV I\tpv_good_i_hope\SDLNET\fighters\TPV2\TPV2\src\systems\RenderSystem.cpp(161,71): warning C4244: 'argument': conversion from 'float' to 'int', possible loss of data
F:\Docs\0Uni\2o\TPV I\tpv_good_i_hope\SDLNET\fighters\TPV2\TPV2\src\systems\RenderSystem.cpp(161,56): warning C4244: 'argument': conversion from 'float' to 'int', possible loss of data
F:\Docs\0Uni\2o\TPV I\tpv_good_i_hope\SDLNET\fighters\TPV2\TPV2\src\systems\RenderSystem.cpp(161,41): warning C4244: 'argument': conversion from 'float' to 'int', possible loss of data
F:\Docs\0Uni\2o\TPV I\tpv_good_i_hope\SDLNET\fighters\TPV2\TPV2\src\systems\RenderSystem.cpp(164,14): warning C4244: 'argument': conversion from 'float' to 'int', possible loss of data
F:\Docs\0Uni\2o\TPV I\tpv_good_i_hope\SDLNET\fighters\TPV2\TPV2\src\systems\RenderSystem.cpp(163,71): warning C4244: 'argument': conversion from 'float' to 'int', possible loss of data
F:\Docs\0Uni\2o\TPV I\tpv_good_i_hope\SDLNET\fighters\TPV2\TPV2\src\systems\RenderSystem.cpp(163,56): warning C4244: 'argument': conversion from 'float' to 'int', possible loss of data
F:\Docs\0Uni\2o\TPV I\tpv_good_i_hope\SDLNET\fighters\TPV2\TPV2\src\systems\RenderSystem.cpp(163,41): warning C4244: 'argument': conversion from 'float' to 'int', possible loss of data
  Collisions.cpp
  Vector2D.cpp
     Creating library F:\Docs\0Uni\2o\TPV I\tpv_good_i_hope\SDLNET\fighters\TPV2\bin\TPV2Release.lib and object F:\Docs\0Uni\2o\TPV I\tpv_good_i_hope\SDLNET\fighters\TPV2\bin\TPV2Release.exp
  Generating code
  Previous IPDB not found, fall back to full compilation.
  All 1613 functions were compiled because no usable IPDB/IOBJ from previous compilation was found.
  Finished generating code
  TPV2.vcxproj -> F:\Docs\0Uni\2o\TPV I\tpv_good_i_hope\SDLNET\fighters\TPV2\bin\TPV2Release.exe
